[0mGET / [32m200 [0m333.174 ms - 170[0m
[0mGET /stylesheets/style.css [32m200 [0m6.443 ms - 111[0m
[0mGET /favicon.ico [33m404 [0m19.413 ms - 1519[0m
[0mGET / [36m304 [0m326.023 ms - -[0m
[0mGET /stylesheets/style.css [36m304 [0m3.099 ms - -[0m
[0mGET / [31m500 [0m41.730 ms - 1719[0m
[0mGET /favicon.ico [33m404 [0m5.264 ms - 1719[0m
[0mGET / [32m200 [0m36.604 ms - 235[0m
[0mGET /css/style.css [32m200 [0m6.266 ms - 30[0m
[0mGET / [36m304 [0m34.060 ms - -[0m
[0mGET /css/style.css [32m200 [0m5.423 ms - 30[0m
[0mGET / [36m304 [0m7.109 ms - -[0m
[0mGET /css/style.css [36m304 [0m0.953 ms - -[0m
[0mGET / [36m304 [0m5.183 ms - -[0m
[0mGET /css/style.css [36m304 [0m0.516 ms - -[0m
[0mGET / [36m304 [0m4.997 ms - -[0m
[0mGET /css/style.css [36m304 [0m1.495 ms - -[0m
[0mGET / [36m304 [0m33.881 ms - -[0m
[0mGET /css/style.css [32m200 [0m5.833 ms - 30[0m
[0mGET /css/style.css [36m304 [0m1.226 ms - -[0m
[0mGET / [36m304 [0m34.316 ms - -[0m
[0mGET /css/style.css [32m200 [0m5.692 ms - 30[0m
[0mGET / [36m304 [0m6.396 ms - -[0m
[0mGET /css/style.css [36m304 [0m0.802 ms - -[0m
[0mGET / [36m304 [0m3.831 ms - -[0m
[0mGET /css/style.css [36m304 [0m0.703 ms - -[0m
[0mGET / [36m304 [0m3.741 ms - -[0m
[0mGET /css/style.css [36m304 [0m1.039 ms - -[0m
[0mGET / [36m304 [0m3.597 ms - -[0m
[0mGET /css/style.css [36m304 [0m0.392 ms - -[0m
[0mGET / [36m304 [0m3.558 ms - -[0m
[0mGET /css/style.css [36m304 [0m0.316 ms - -[0m
[0mGET / [36m304 [0m32.177 ms - -[0m
[0mGET /css/style.css [32m200 [0m6.216 ms - 30[0m
[0mGET / [36m304 [0m6.950 ms - -[0m
[0mGET /css/style.css [36m304 [0m1.233 ms - -[0m
[0mGET / [31m500 [0m44.561 ms - 1719[0m
[0mGET / [31m500 [0m8.643 ms - 1719[0m
[0mGET / [31m500 [0m6.975 ms - 1719[0m
[0mGET / [32m200 [0m38.450 ms - 273[0m
[0mGET /css/style.css [32m200 [0m6.284 ms - 30[0m
[0mGET /css/style.css [36m304 [0m1.280 ms - -[0m
[0mGET / [36m304 [0m45.038 ms - -[0m
[0mGET /css/style.css [32m200 [0m3.832 ms - 30[0m
[0mGET /favicon.ico [33m404 [0m10.342 ms - 270[0m
[0mGET / [31m500 [0m69.082 ms - 1712[0m
[0mGET / [32m200 [0m50.177 ms - 233[0m
[0mGET /css/style.css [32m200 [0m6.646 ms - 30[0m
[0mGET /css/style.css [36m304 [0m3.001 ms - -[0m
[0mGET / [32m200 [0m41.233 ms - 274[0m
[0mGET /css/style.css [32m200 [0m4.454 ms - 30[0m
[0mGET / [31m500 [0m53.939 ms - 301[0m
[0mGET /css/style.css [32m200 [0m5.662 ms - 30[0m
[0mGET / [32m200 [0m44.757 ms - 273[0m
[0mGET /css/style.css [32m200 [0m17.444 ms - 30[0m
[0mGET / [32m200 [0m52.095 ms - 387[0m
[0mGET /css/style.css [32m200 [0m6.158 ms - 30[0m
[0mGET / [36m304 [0m51.325 ms - -[0m
[0mGET /css/style.css [32m200 [0m5.045 ms - 30[0m
[0mGET /favicon.ico [33m404 [0m6.661 ms - 270[0m
