Error: listen EADDRINUSE :::3333
    at Object._errnoException (util.js:1022:11)
    at _exceptionWithHostPort (util.js:1044:20)
    at Server.setupListenHandle [as _listen2] (net.js:1351:14)
    at listenInCluster (net.js:1392:12)
    at Server.listen (net.js:1476:7)
    at Function.listen (/home/tonio/Documentos/Developer/Proyectos/Personales/NodeJS/MakingCMS/node_modules/express/lib/application.js:618:24)
    at Object.<anonymous> (/home/tonio/Documentos/Developer/Proyectos/Personales/NodeJS/MakingCMS/src/app.js:47:6)
    at Module._compile (module.js:643:30)
    at Object.Module._extensions..js (module.js:654:10)
    at Module.load (module.js:556:32)
Error: listen EADDRINUSE :::3333
    at Object._errnoException (util.js:1022:11)
    at _exceptionWithHostPort (util.js:1044:20)
    at Server.setupListenHandle [as _listen2] (net.js:1351:14)
    at listenInCluster (net.js:1392:12)
    at Server.listen (net.js:1476:7)
    at Function.listen (/home/tonio/Documentos/Developer/Proyectos/Personales/NodeJS/MakingCMS/node_modules/express/lib/application.js:618:24)
    at Object.<anonymous> (/home/tonio/Documentos/Developer/Proyectos/Personales/NodeJS/MakingCMS/src/app.js:47:6)
    at Module._compile (module.js:643:30)
    at Object.Module._extensions..js (module.js:654:10)
    at Module.load (module.js:556:32)
Error: listen EADDRINUSE :::3333
    at Object._errnoException (util.js:1022:11)
    at _exceptionWithHostPort (util.js:1044:20)
    at Server.setupListenHandle [as _listen2] (net.js:1351:14)
    at listenInCluster (net.js:1392:12)
    at Server.listen (net.js:1476:7)
    at Function.listen (/home/tonio/Documentos/Developer/Proyectos/Personales/NodeJS/MakingCMS/node_modules/express/lib/application.js:618:24)
    at Object.<anonymous> (/home/tonio/Documentos/Developer/Proyectos/Personales/NodeJS/MakingCMS/src/app.js:47:6)
    at Module._compile (module.js:643:30)
    at Object.Module._extensions..js (module.js:654:10)
    at Module.load (module.js:556:32)
Error: listen EADDRINUSE :::3333
    at Object._errnoException (util.js:1022:11)
    at _exceptionWithHostPort (util.js:1044:20)
    at Server.setupListenHandle [as _listen2] (net.js:1351:14)
    at listenInCluster (net.js:1392:12)
    at Server.listen (net.js:1476:7)
    at Function.listen (/home/tonio/Documentos/Developer/Proyectos/Personales/NodeJS/MakingCMS/node_modules/express/lib/application.js:618:24)
    at Object.<anonymous> (/home/tonio/Documentos/Developer/Proyectos/Personales/NodeJS/MakingCMS/src/app.js:47:6)
    at Module._compile (module.js:643:30)
    at Object.Module._extensions..js (module.js:654:10)
    at Module.load (module.js:556:32)
Error: listen EADDRINUSE :::3333
    at Object._errnoException (util.js:1022:11)
    at _exceptionWithHostPort (util.js:1044:20)
    at Server.setupListenHandle [as _listen2] (net.js:1351:14)
    at listenInCluster (net.js:1392:12)
    at Server.listen (net.js:1476:7)
    at Function.listen (/home/tonio/Documentos/Developer/Proyectos/Personales/NodeJS/MakingCMS/node_modules/express/lib/application.js:618:24)
    at Object.<anonymous> (/home/tonio/Documentos/Developer/Proyectos/Personales/NodeJS/MakingCMS/src/app.js:47:6)
    at Module._compile (module.js:643:30)
    at Object.Module._extensions..js (module.js:654:10)
    at Module.load (module.js:556:32)
Error: listen EADDRINUSE :::3333
    at Object._errnoException (util.js:1022:11)
    at _exceptionWithHostPort (util.js:1044:20)
    at Server.setupListenHandle [as _listen2] (net.js:1351:14)
    at listenInCluster (net.js:1392:12)
    at Server.listen (net.js:1476:7)
    at Function.listen (/home/tonio/Documentos/Developer/Proyectos/Personales/NodeJS/MakingCMS/node_modules/express/lib/application.js:618:24)
    at Object.<anonymous> (/home/tonio/Documentos/Developer/Proyectos/Personales/NodeJS/MakingCMS/src/app.js:47:6)
    at Module._compile (module.js:643:30)
    at Object.Module._extensions..js (module.js:654:10)
    at Module.load (module.js:556:32)
Error: listen EADDRINUSE :::3333
    at Object._errnoException (util.js:1022:11)
    at _exceptionWithHostPort (util.js:1044:20)
    at Server.setupListenHandle [as _listen2] (net.js:1351:14)
    at listenInCluster (net.js:1392:12)
    at Server.listen (net.js:1476:7)
    at Function.listen (/home/tonio/Documentos/Developer/Proyectos/Personales/NodeJS/MakingCMS/node_modules/express/lib/application.js:618:24)
    at Object.<anonymous> (/home/tonio/Documentos/Developer/Proyectos/Personales/NodeJS/MakingCMS/src/app.js:47:6)
    at Module._compile (module.js:643:30)
    at Object.Module._extensions..js (module.js:654:10)
    at Module.load (module.js:556:32)
Error: listen EADDRINUSE :::3333
    at Object._errnoException (util.js:1022:11)
    at _exceptionWithHostPort (util.js:1044:20)
    at Server.setupListenHandle [as _listen2] (net.js:1351:14)
    at listenInCluster (net.js:1392:12)
    at Server.listen (net.js:1476:7)
    at Function.listen (/home/tonio/Documentos/Developer/Proyectos/Personales/NodeJS/MakingCMS/node_modules/express/lib/application.js:618:24)
    at Object.<anonymous> (/home/tonio/Documentos/Developer/Proyectos/Personales/NodeJS/MakingCMS/src/app.js:47:6)
    at Module._compile (module.js:643:30)
    at Object.Module._extensions..js (module.js:654:10)
    at Module.load (module.js:556:32)
Error: listen EADDRINUSE :::3333
    at Object._errnoException (util.js:1022:11)
    at _exceptionWithHostPort (util.js:1044:20)
    at Server.setupListenHandle [as _listen2] (net.js:1351:14)
    at listenInCluster (net.js:1392:12)
    at Server.listen (net.js:1476:7)
    at Function.listen (/home/tonio/Documentos/Developer/Proyectos/Personales/NodeJS/MakingCMS/node_modules/express/lib/application.js:618:24)
    at Object.<anonymous> (/home/tonio/Documentos/Developer/Proyectos/Personales/NodeJS/MakingCMS/src/app.js:47:6)
    at Module._compile (module.js:643:30)
    at Object.Module._extensions..js (module.js:654:10)
    at Module.load (module.js:556:32)
Error: listen EADDRINUSE :::3333
    at Object._errnoException (util.js:1022:11)
    at _exceptionWithHostPort (util.js:1044:20)
    at Server.setupListenHandle [as _listen2] (net.js:1351:14)
    at listenInCluster (net.js:1392:12)
    at Server.listen (net.js:1476:7)
    at Function.listen (/home/tonio/Documentos/Developer/Proyectos/Personales/NodeJS/MakingCMS/node_modules/express/lib/application.js:618:24)
    at Object.<anonymous> (/home/tonio/Documentos/Developer/Proyectos/Personales/NodeJS/MakingCMS/src/app.js:47:6)
    at Module._compile (module.js:643:30)
    at Object.Module._extensions..js (module.js:654:10)
    at Module.load (module.js:556:32)
Error: listen EADDRINUSE :::3333
    at Object._errnoException (util.js:1022:11)
    at _exceptionWithHostPort (util.js:1044:20)
    at Server.setupListenHandle [as _listen2] (net.js:1351:14)
    at listenInCluster (net.js:1392:12)
    at Server.listen (net.js:1476:7)
    at Function.listen (/home/tonio/Documentos/Developer/Proyectos/Personales/NodeJS/MakingCMS/node_modules/express/lib/application.js:618:24)
    at Object.<anonymous> (/home/tonio/Documentos/Developer/Proyectos/Personales/NodeJS/MakingCMS/src/app.js:47:6)
    at Module._compile (module.js:643:30)
    at Object.Module._extensions..js (module.js:654:10)
    at Module.load (module.js:556:32)
Error: listen EADDRINUSE :::3333
    at Object._errnoException (util.js:1022:11)
    at _exceptionWithHostPort (util.js:1044:20)
    at Server.setupListenHandle [as _listen2] (net.js:1351:14)
    at listenInCluster (net.js:1392:12)
    at Server.listen (net.js:1476:7)
    at Function.listen (/home/tonio/Documentos/Developer/Proyectos/Personales/NodeJS/MakingCMS/node_modules/express/lib/application.js:618:24)
    at Object.<anonymous> (/home/tonio/Documentos/Developer/Proyectos/Personales/NodeJS/MakingCMS/src/app.js:47:6)
    at Module._compile (module.js:643:30)
    at Object.Module._extensions..js (module.js:654:10)
    at Module.load (module.js:556:32)
Error: listen EADDRINUSE :::3333
    at Object._errnoException (util.js:1022:11)
    at _exceptionWithHostPort (util.js:1044:20)
    at Server.setupListenHandle [as _listen2] (net.js:1351:14)
    at listenInCluster (net.js:1392:12)
    at Server.listen (net.js:1476:7)
    at Function.listen (/home/tonio/Documentos/Developer/Proyectos/Personales/NodeJS/MakingCMS/node_modules/express/lib/application.js:618:24)
    at Object.<anonymous> (/home/tonio/Documentos/Developer/Proyectos/Personales/NodeJS/MakingCMS/src/app.js:47:6)
    at Module._compile (module.js:643:30)
    at Object.Module._extensions..js (module.js:654:10)
    at Module.load (module.js:556:32)
Error: listen EADDRINUSE :::3333
    at Object._errnoException (util.js:1022:11)
    at _exceptionWithHostPort (util.js:1044:20)
    at Server.setupListenHandle [as _listen2] (net.js:1351:14)
    at listenInCluster (net.js:1392:12)
    at Server.listen (net.js:1476:7)
    at Function.listen (/home/tonio/Documentos/Developer/Proyectos/Personales/NodeJS/MakingCMS/node_modules/express/lib/application.js:618:24)
    at Object.<anonymous> (/home/tonio/Documentos/Developer/Proyectos/Personales/NodeJS/MakingCMS/src/app.js:47:6)
    at Module._compile (module.js:643:30)
    at Object.Module._extensions..js (module.js:654:10)
    at Module.load (module.js:556:32)
Error: listen EADDRINUSE :::3333
    at Object._errnoException (util.js:1022:11)
    at _exceptionWithHostPort (util.js:1044:20)
    at Server.setupListenHandle [as _listen2] (net.js:1351:14)
    at listenInCluster (net.js:1392:12)
    at Server.listen (net.js:1476:7)
    at Function.listen (/home/tonio/Documentos/Developer/Proyectos/Personales/NodeJS/MakingCMS/node_modules/express/lib/application.js:618:24)
    at Object.<anonymous> (/home/tonio/Documentos/Developer/Proyectos/Personales/NodeJS/MakingCMS/src/app.js:47:6)
    at Module._compile (module.js:643:30)
    at Object.Module._extensions..js (module.js:654:10)
    at Module.load (module.js:556:32)
Error: listen EADDRINUSE :::3333
    at Object._errnoException (util.js:1022:11)
    at _exceptionWithHostPort (util.js:1044:20)
    at Server.setupListenHandle [as _listen2] (net.js:1351:14)
    at listenInCluster (net.js:1392:12)
    at Server.listen (net.js:1476:7)
    at Function.listen (/home/tonio/Documentos/Developer/Proyectos/Personales/NodeJS/MakingCMS/node_modules/express/lib/application.js:618:24)
    at Object.<anonymous> (/home/tonio/Documentos/Developer/Proyectos/Personales/NodeJS/MakingCMS/src/app.js:47:6)
    at Module._compile (module.js:643:30)
    at Object.Module._extensions..js (module.js:654:10)
    at Module.load (module.js:556:32)
