/home/tonio/Documentos/Developer/Proyectos/Personales/NodeJS/MakingCMS/src/app.js:26
  });
   ^

SyntaxError: missing ) after argument list
    at createScript (vm.js:80:10)
    at Object.runInThisContext (vm.js:139:10)
    at Module._compile (module.js:607:28)
    at Object.Module._extensions..js (module.js:654:10)
    at Module.load (module.js:556:32)
    at tryModuleLoad (module.js:499:12)
    at Function.Module._load (module.js:491:3)
    at Object.<anonymous> (/usr/lib/node_modules/pm2/lib/ProcessContainerFork.js:83:21)
    at Module._compile (module.js:643:30)
    at Object.Module._extensions..js (module.js:654:10)
/home/tonio/Documentos/Developer/Proyectos/Personales/NodeJS/MakingCMS/src/app.js:26
  });
   ^

SyntaxError: missing ) after argument list
    at createScript (vm.js:80:10)
    at Object.runInThisContext (vm.js:139:10)
    at Module._compile (module.js:607:28)
    at Object.Module._extensions..js (module.js:654:10)
    at Module.load (module.js:556:32)
    at tryModuleLoad (module.js:499:12)
    at Function.Module._load (module.js:491:3)
    at Object.<anonymous> (/usr/lib/node_modules/pm2/lib/ProcessContainerFork.js:83:21)
    at Module._compile (module.js:643:30)
    at Object.Module._extensions..js (module.js:654:10)
/home/tonio/Documentos/Developer/Proyectos/Personales/NodeJS/MakingCMS/src/app.js:26
  });
   ^

SyntaxError: missing ) after argument list
    at createScript (vm.js:80:10)
    at Object.runInThisContext (vm.js:139:10)
    at Module._compile (module.js:607:28)
    at Object.Module._extensions..js (module.js:654:10)
    at Module.load (module.js:556:32)
    at tryModuleLoad (module.js:499:12)
    at Function.Module._load (module.js:491:3)
    at Object.<anonymous> (/usr/lib/node_modules/pm2/lib/ProcessContainerFork.js:83:21)
    at Module._compile (module.js:643:30)
    at Object.Module._extensions..js (module.js:654:10)
/home/tonio/Documentos/Developer/Proyectos/Personales/NodeJS/MakingCMS/src/app.js:26
  });
   ^

SyntaxError: missing ) after argument list
    at createScript (vm.js:80:10)
    at Object.runInThisContext (vm.js:139:10)
    at Module._compile (module.js:607:28)
    at Object.Module._extensions..js (module.js:654:10)
    at Module.load (module.js:556:32)
    at tryModuleLoad (module.js:499:12)
    at Function.Module._load (module.js:491:3)
    at Object.<anonymous> (/usr/lib/node_modules/pm2/lib/ProcessContainerFork.js:83:21)
    at Module._compile (module.js:643:30)
    at Object.Module._extensions..js (module.js:654:10)
/home/tonio/Documentos/Developer/Proyectos/Personales/NodeJS/MakingCMS/src/app.js:26
  });
   ^

SyntaxError: missing ) after argument list
    at createScript (vm.js:80:10)
    at Object.runInThisContext (vm.js:139:10)
    at Module._compile (module.js:607:28)
    at Object.Module._extensions..js (module.js:654:10)
    at Module.load (module.js:556:32)
    at tryModuleLoad (module.js:499:12)
    at Function.Module._load (module.js:491:3)
    at Object.<anonymous> (/usr/lib/node_modules/pm2/lib/ProcessContainerFork.js:83:21)
    at Module._compile (module.js:643:30)
    at Object.Module._extensions..js (module.js:654:10)
/home/tonio/Documentos/Developer/Proyectos/Personales/NodeJS/MakingCMS/src/app.js:26
  });
   ^

SyntaxError: missing ) after argument list
    at createScript (vm.js:80:10)
    at Object.runInThisContext (vm.js:139:10)
    at Module._compile (module.js:607:28)
    at Object.Module._extensions..js (module.js:654:10)
    at Module.load (module.js:556:32)
    at tryModuleLoad (module.js:499:12)
    at Function.Module._load (module.js:491:3)
    at Object.<anonymous> (/usr/lib/node_modules/pm2/lib/ProcessContainerFork.js:83:21)
    at Module._compile (module.js:643:30)
    at Object.Module._extensions..js (module.js:654:10)
/home/tonio/Documentos/Developer/Proyectos/Personales/NodeJS/MakingCMS/src/app.js:26
  });
   ^

SyntaxError: missing ) after argument list
    at createScript (vm.js:80:10)
    at Object.runInThisContext (vm.js:139:10)
    at Module._compile (module.js:607:28)
    at Object.Module._extensions..js (module.js:654:10)
    at Module.load (module.js:556:32)
    at tryModuleLoad (module.js:499:12)
    at Function.Module._load (module.js:491:3)
    at Object.<anonymous> (/usr/lib/node_modules/pm2/lib/ProcessContainerFork.js:83:21)
    at Module._compile (module.js:643:30)
    at Object.Module._extensions..js (module.js:654:10)
/home/tonio/Documentos/Developer/Proyectos/Personales/NodeJS/MakingCMS/src/app.js:26
  });
   ^

SyntaxError: missing ) after argument list
    at createScript (vm.js:80:10)
    at Object.runInThisContext (vm.js:139:10)
    at Module._compile (module.js:607:28)
    at Object.Module._extensions..js (module.js:654:10)
    at Module.load (module.js:556:32)
    at tryModuleLoad (module.js:499:12)
    at Function.Module._load (module.js:491:3)
    at Object.<anonymous> (/usr/lib/node_modules/pm2/lib/ProcessContainerFork.js:83:21)
    at Module._compile (module.js:643:30)
    at Object.Module._extensions..js (module.js:654:10)
/home/tonio/Documentos/Developer/Proyectos/Personales/NodeJS/MakingCMS/src/app.js:26
  });
   ^

SyntaxError: missing ) after argument list
    at createScript (vm.js:80:10)
    at Object.runInThisContext (vm.js:139:10)
    at Module._compile (module.js:607:28)
    at Object.Module._extensions..js (module.js:654:10)
    at Module.load (module.js:556:32)
    at tryModuleLoad (module.js:499:12)
    at Function.Module._load (module.js:491:3)
    at Object.<anonymous> (/usr/lib/node_modules/pm2/lib/ProcessContainerFork.js:83:21)
    at Module._compile (module.js:643:30)
    at Object.Module._extensions..js (module.js:654:10)
/home/tonio/Documentos/Developer/Proyectos/Personales/NodeJS/MakingCMS/src/app.js:26
  });
   ^

SyntaxError: missing ) after argument list
    at createScript (vm.js:80:10)
    at Object.runInThisContext (vm.js:139:10)
    at Module._compile (module.js:607:28)
    at Object.Module._extensions..js (module.js:654:10)
    at Module.load (module.js:556:32)
    at tryModuleLoad (module.js:499:12)
    at Function.Module._load (module.js:491:3)
    at Object.<anonymous> (/usr/lib/node_modules/pm2/lib/ProcessContainerFork.js:83:21)
    at Module._compile (module.js:643:30)
    at Object.Module._extensions..js (module.js:654:10)
/home/tonio/Documentos/Developer/Proyectos/Personales/NodeJS/MakingCMS/src/app.js:26
  });
   ^

SyntaxError: missing ) after argument list
    at createScript (vm.js:80:10)
    at Object.runInThisContext (vm.js:139:10)
    at Module._compile (module.js:607:28)
    at Object.Module._extensions..js (module.js:654:10)
    at Module.load (module.js:556:32)
    at tryModuleLoad (module.js:499:12)
    at Function.Module._load (module.js:491:3)
    at Object.<anonymous> (/usr/lib/node_modules/pm2/lib/ProcessContainerFork.js:83:21)
    at Module._compile (module.js:643:30)
    at Object.Module._extensions..js (module.js:654:10)
/home/tonio/Documentos/Developer/Proyectos/Personales/NodeJS/MakingCMS/src/app.js:26
  });
   ^

SyntaxError: missing ) after argument list
    at createScript (vm.js:80:10)
    at Object.runInThisContext (vm.js:139:10)
    at Module._compile (module.js:607:28)
    at Object.Module._extensions..js (module.js:654:10)
    at Module.load (module.js:556:32)
    at tryModuleLoad (module.js:499:12)
    at Function.Module._load (module.js:491:3)
    at Object.<anonymous> (/usr/lib/node_modules/pm2/lib/ProcessContainerFork.js:83:21)
    at Module._compile (module.js:643:30)
    at Object.Module._extensions..js (module.js:654:10)
/home/tonio/Documentos/Developer/Proyectos/Personales/NodeJS/MakingCMS/src/app.js:26
  });
   ^

SyntaxError: missing ) after argument list
    at createScript (vm.js:80:10)
    at Object.runInThisContext (vm.js:139:10)
    at Module._compile (module.js:607:28)
    at Object.Module._extensions..js (module.js:654:10)
    at Module.load (module.js:556:32)
    at tryModuleLoad (module.js:499:12)
    at Function.Module._load (module.js:491:3)
    at Object.<anonymous> (/usr/lib/node_modules/pm2/lib/ProcessContainerFork.js:83:21)
    at Module._compile (module.js:643:30)
    at Object.Module._extensions..js (module.js:654:10)
/home/tonio/Documentos/Developer/Proyectos/Personales/NodeJS/MakingCMS/src/app.js:26
  });
   ^

SyntaxError: missing ) after argument list
    at createScript (vm.js:80:10)
    at Object.runInThisContext (vm.js:139:10)
    at Module._compile (module.js:607:28)
    at Object.Module._extensions..js (module.js:654:10)
    at Module.load (module.js:556:32)
    at tryModuleLoad (module.js:499:12)
    at Function.Module._load (module.js:491:3)
    at Object.<anonymous> (/usr/lib/node_modules/pm2/lib/ProcessContainerFork.js:83:21)
    at Module._compile (module.js:643:30)
    at Object.Module._extensions..js (module.js:654:10)
/home/tonio/Documentos/Developer/Proyectos/Personales/NodeJS/MakingCMS/src/app.js:26
  });
   ^

SyntaxError: missing ) after argument list
    at createScript (vm.js:80:10)
    at Object.runInThisContext (vm.js:139:10)
    at Module._compile (module.js:607:28)
    at Object.Module._extensions..js (module.js:654:10)
    at Module.load (module.js:556:32)
    at tryModuleLoad (module.js:499:12)
    at Function.Module._load (module.js:491:3)
    at Object.<anonymous> (/usr/lib/node_modules/pm2/lib/ProcessContainerFork.js:83:21)
    at Module._compile (module.js:643:30)
    at Object.Module._extensions..js (module.js:654:10)
/home/tonio/Documentos/Developer/Proyectos/Personales/NodeJS/MakingCMS/src/app.js:26
  });
   ^

SyntaxError: missing ) after argument list
    at createScript (vm.js:80:10)
    at Object.runInThisContext (vm.js:139:10)
    at Module._compile (module.js:607:28)
    at Object.Module._extensions..js (module.js:654:10)
    at Module.load (module.js:556:32)
    at tryModuleLoad (module.js:499:12)
    at Function.Module._load (module.js:491:3)
    at Object.<anonymous> (/usr/lib/node_modules/pm2/lib/ProcessContainerFork.js:83:21)
    at Module._compile (module.js:643:30)
    at Object.Module._extensions..js (module.js:654:10)
Error: The partial site/header could not be found
    at Object.invokePartial (/home/tonio/Documentos/Developer/Proyectos/Personales/NodeJS/MakingCMS/node_modules/handlebars/dist/cjs/handlebars/runtime.js:281:11)
    at Object.invokePartialWrapper [as invokePartial] (/home/tonio/Documentos/Developer/Proyectos/Personales/NodeJS/MakingCMS/node_modules/handlebars/dist/cjs/handlebars/runtime.js:68:39)
    at Object.eval [as main] (eval at createFunctionContext (/home/tonio/Documentos/Developer/Proyectos/Personales/NodeJS/MakingCMS/node_modules/handlebars/dist/cjs/handlebars/compiler/javascript-compiler.js:254:23), <anonymous>:6:28)
    at main (/home/tonio/Documentos/Developer/Proyectos/Personales/NodeJS/MakingCMS/node_modules/handlebars/dist/cjs/handlebars/runtime.js:175:32)
    at ret (/home/tonio/Documentos/Developer/Proyectos/Personales/NodeJS/MakingCMS/node_modules/handlebars/dist/cjs/handlebars/runtime.js:178:12)
    at ret (/home/tonio/Documentos/Developer/Proyectos/Personales/NodeJS/MakingCMS/node_modules/handlebars/dist/cjs/handlebars/compiler/compiler.js:526:21)
    at ExpressHandlebars._renderTemplate (/home/tonio/Documentos/Developer/Proyectos/Personales/NodeJS/MakingCMS/node_modules/express-handlebars/lib/express-handlebars.js:247:12)
    at ExpressHandlebars.<anonymous> (/home/tonio/Documentos/Developer/Proyectos/Personales/NodeJS/MakingCMS/node_modules/express-handlebars/lib/express-handlebars.js:173:21)
    at <anonymous>
Error: The partial site/header could not be found
    at Object.invokePartial (/home/tonio/Documentos/Developer/Proyectos/Personales/NodeJS/MakingCMS/node_modules/handlebars/dist/cjs/handlebars/runtime.js:281:11)
    at Object.invokePartialWrapper [as invokePartial] (/home/tonio/Documentos/Developer/Proyectos/Personales/NodeJS/MakingCMS/node_modules/handlebars/dist/cjs/handlebars/runtime.js:68:39)
    at Object.eval [as main] (eval at createFunctionContext (/home/tonio/Documentos/Developer/Proyectos/Personales/NodeJS/MakingCMS/node_modules/handlebars/dist/cjs/handlebars/compiler/javascript-compiler.js:254:23), <anonymous>:6:28)
    at main (/home/tonio/Documentos/Developer/Proyectos/Personales/NodeJS/MakingCMS/node_modules/handlebars/dist/cjs/handlebars/runtime.js:175:32)
    at ret (/home/tonio/Documentos/Developer/Proyectos/Personales/NodeJS/MakingCMS/node_modules/handlebars/dist/cjs/handlebars/runtime.js:178:12)
    at ret (/home/tonio/Documentos/Developer/Proyectos/Personales/NodeJS/MakingCMS/node_modules/handlebars/dist/cjs/handlebars/compiler/compiler.js:526:21)
    at ExpressHandlebars._renderTemplate (/home/tonio/Documentos/Developer/Proyectos/Personales/NodeJS/MakingCMS/node_modules/express-handlebars/lib/express-handlebars.js:247:12)
    at ExpressHandlebars.<anonymous> (/home/tonio/Documentos/Developer/Proyectos/Personales/NodeJS/MakingCMS/node_modules/express-handlebars/lib/express-handlebars.js:173:21)
    at <anonymous>
Error: The partial site/header could not be found
    at Object.invokePartial (/home/tonio/Documentos/Developer/Proyectos/Personales/NodeJS/MakingCMS/node_modules/handlebars/dist/cjs/handlebars/runtime.js:281:11)
    at Object.invokePartialWrapper [as invokePartial] (/home/tonio/Documentos/Developer/Proyectos/Personales/NodeJS/MakingCMS/node_modules/handlebars/dist/cjs/handlebars/runtime.js:68:39)
    at Object.eval [as main] (eval at createFunctionContext (/home/tonio/Documentos/Developer/Proyectos/Personales/NodeJS/MakingCMS/node_modules/handlebars/dist/cjs/handlebars/compiler/javascript-compiler.js:254:23), <anonymous>:6:28)
    at main (/home/tonio/Documentos/Developer/Proyectos/Personales/NodeJS/MakingCMS/node_modules/handlebars/dist/cjs/handlebars/runtime.js:175:32)
    at ret (/home/tonio/Documentos/Developer/Proyectos/Personales/NodeJS/MakingCMS/node_modules/handlebars/dist/cjs/handlebars/runtime.js:178:12)
    at ret (/home/tonio/Documentos/Developer/Proyectos/Personales/NodeJS/MakingCMS/node_modules/handlebars/dist/cjs/handlebars/compiler/compiler.js:526:21)
    at ExpressHandlebars._renderTemplate (/home/tonio/Documentos/Developer/Proyectos/Personales/NodeJS/MakingCMS/node_modules/express-handlebars/lib/express-handlebars.js:247:12)
    at ExpressHandlebars.<anonymous> (/home/tonio/Documentos/Developer/Proyectos/Personales/NodeJS/MakingCMS/node_modules/express-handlebars/lib/express-handlebars.js:173:21)
    at <anonymous>
Error: The partial site/header could not be found
    at Object.invokePartial (/home/tonio/Documentos/Developer/Proyectos/Personales/NodeJS/MakingCMS/node_modules/handlebars/dist/cjs/handlebars/runtime.js:281:11)
    at Object.invokePartialWrapper [as invokePartial] (/home/tonio/Documentos/Developer/Proyectos/Personales/NodeJS/MakingCMS/node_modules/handlebars/dist/cjs/handlebars/runtime.js:68:39)
    at Object.eval [as main] (eval at createFunctionContext (/home/tonio/Documentos/Developer/Proyectos/Personales/NodeJS/MakingCMS/node_modules/handlebars/dist/cjs/handlebars/compiler/javascript-compiler.js:254:23), <anonymous>:6:28)
    at main (/home/tonio/Documentos/Developer/Proyectos/Personales/NodeJS/MakingCMS/node_modules/handlebars/dist/cjs/handlebars/runtime.js:175:32)
    at ret (/home/tonio/Documentos/Developer/Proyectos/Personales/NodeJS/MakingCMS/node_modules/handlebars/dist/cjs/handlebars/runtime.js:178:12)
    at ret (/home/tonio/Documentos/Developer/Proyectos/Personales/NodeJS/MakingCMS/node_modules/handlebars/dist/cjs/handlebars/compiler/compiler.js:526:21)
    at ExpressHandlebars._renderTemplate (/home/tonio/Documentos/Developer/Proyectos/Personales/NodeJS/MakingCMS/node_modules/express-handlebars/lib/express-handlebars.js:247:12)
    at ExpressHandlebars.<anonymous> (/home/tonio/Documentos/Developer/Proyectos/Personales/NodeJS/MakingCMS/node_modules/express-handlebars/lib/express-handlebars.js:173:21)
    at <anonymous>
Error: The partial site/header could not be found
    at Object.invokePartial (/home/tonio/Documentos/Developer/Proyectos/Personales/NodeJS/MakingCMS/node_modules/handlebars/dist/cjs/handlebars/runtime.js:281:11)
    at Object.invokePartialWrapper [as invokePartial] (/home/tonio/Documentos/Developer/Proyectos/Personales/NodeJS/MakingCMS/node_modules/handlebars/dist/cjs/handlebars/runtime.js:68:39)
    at Object.eval [as main] (eval at createFunctionContext (/home/tonio/Documentos/Developer/Proyectos/Personales/NodeJS/MakingCMS/node_modules/handlebars/dist/cjs/handlebars/compiler/javascript-compiler.js:254:23), <anonymous>:6:28)
    at main (/home/tonio/Documentos/Developer/Proyectos/Personales/NodeJS/MakingCMS/node_modules/handlebars/dist/cjs/handlebars/runtime.js:175:32)
    at ret (/home/tonio/Documentos/Developer/Proyectos/Personales/NodeJS/MakingCMS/node_modules/handlebars/dist/cjs/handlebars/runtime.js:178:12)
    at ret (/home/tonio/Documentos/Developer/Proyectos/Personales/NodeJS/MakingCMS/node_modules/handlebars/dist/cjs/handlebars/compiler/compiler.js:526:21)
    at ExpressHandlebars._renderTemplate (/home/tonio/Documentos/Developer/Proyectos/Personales/NodeJS/MakingCMS/node_modules/express-handlebars/lib/express-handlebars.js:247:12)
    at ExpressHandlebars.<anonymous> (/home/tonio/Documentos/Developer/Proyectos/Personales/NodeJS/MakingCMS/node_modules/express-handlebars/lib/express-handlebars.js:173:21)
    at <anonymous>
Error: The partial body could not be found
    at Object.invokePartial (/home/tonio/Documentos/Developer/Proyectos/Personales/NodeJS/MakingCMS/node_modules/handlebars/dist/cjs/handlebars/runtime.js:281:11)
    at Object.invokePartialWrapper [as invokePartial] (/home/tonio/Documentos/Developer/Proyectos/Personales/NodeJS/MakingCMS/node_modules/handlebars/dist/cjs/handlebars/runtime.js:68:39)
    at Object.eval [as main] (eval at createFunctionContext (/home/tonio/Documentos/Developer/Proyectos/Personales/NodeJS/MakingCMS/node_modules/handlebars/dist/cjs/handlebars/compiler/javascript-compiler.js:254:23), <anonymous>:8:28)
    at main (/home/tonio/Documentos/Developer/Proyectos/Personales/NodeJS/MakingCMS/node_modules/handlebars/dist/cjs/handlebars/runtime.js:175:32)
    at ret (/home/tonio/Documentos/Developer/Proyectos/Personales/NodeJS/MakingCMS/node_modules/handlebars/dist/cjs/handlebars/runtime.js:178:12)
    at ret (/home/tonio/Documentos/Developer/Proyectos/Personales/NodeJS/MakingCMS/node_modules/handlebars/dist/cjs/handlebars/compiler/compiler.js:526:21)
    at ExpressHandlebars._renderTemplate (/home/tonio/Documentos/Developer/Proyectos/Personales/NodeJS/MakingCMS/node_modules/express-handlebars/lib/express-handlebars.js:247:12)
    at ExpressHandlebars.<anonymous> (/home/tonio/Documentos/Developer/Proyectos/Personales/NodeJS/MakingCMS/node_modules/express-handlebars/lib/express-handlebars.js:173:21)
    at <anonymous>
